<?xml version="1.0" encoding="UTF-8"?>
<testng-results skipped="0" failed="0" ignored="0" total="1" passed="1">
  <reporter-output>
  </reporter-output>
  <suite name="Default suite" duration-ms="32388" started-at="2022-10-18T12:15:05 IST" finished-at="2022-10-18T12:15:37 IST">
    <groups>
    </groups>
    <test name="Default test" duration-ms="32388" started-at="2022-10-18T12:15:05 IST" finished-at="2022-10-18T12:15:37 IST">
      <class name="oct18.T7">
        <test-method status="PASS" signature="m1()[pri:0, instance:oct18.T7@76a3e297]" name="m1" duration-ms="32274" started-at="2022-10-18T12:15:05 IST" finished-at="2022-10-18T12:15:37 IST">
          <reporter-output>
          </reporter-output>
        </test-method> <!-- m1 -->
      </class> <!-- oct18.T7 -->
    </test> <!-- Default test -->
  </suite> <!-- Default suite -->
</testng-results>
